<?xml version="1.0"?><coverage lines-covered="70" lines-valid="164" line-rate="0.4268292682926829" branches-covered="0" branches-valid="0" branch-rate="0" complexity="0" version="1.9" timestamp="1722278875"><sources><source>D:\Programming\Git\Git Hub\rust_financial_manager</source></sources><packages><package name="tests" line-rate="0" branch-rate="0" complexity="0"><classes></classes></package><package name="src" line-rate="0.4268292682926829" branch-rate="0" complexity="0"><classes><class name="main" filename="src\main.rs" line-rate="0" branch-rate="0" complexity="0"><methods/><lines><line number="15" hits="0"/><line number="16" hits="0"/><line number="17" hits="0"/><line number="18" hits="0"/><line number="21" hits="0"/><line number="22" hits="0"/><line number="23" hits="0"/><line number="24" hits="0"/><line number="25" hits="0"/><line number="26" hits="0"/><line number="27" hits="0"/><line number="28" hits="0"/><line number="29" hits="0"/><line number="30" hits="0"/><line number="31" hits="0"/><line number="32" hits="0"/><line number="35" hits="0"/></lines></class><class name="schema" filename="src\schema.rs" line-rate="0.3333333333333333" branch-rate="0" complexity="0"><methods/><lines><line number="3" hits="0"/><line number="4" hits="0"/><line number="5" hits="0"/><line number="6" hits="0"/><line number="7" hits="0"/><line number="8" hits="0"/><line number="9" hits="0"/><line number="10" hits="0"/><line number="11" hits="0"/><line number="12" hits="0"/><line number="16" hits="0"/><line number="17" hits="0"/><line number="18" hits="0"/><line number="19" hits="0"/><line number="20" hits="0"/><line number="21" hits="0"/><line number="22" hits="0"/><line number="23" hits="0"/><line number="24" hits="0"/><line number="25" hits="0"/><line number="26" hits="0"/><line number="27" hits="0"/><line number="31" hits="7493989779944505344"/><line number="32" hits="7493989779944505344"/><line number="33" hits="14411518807585587200"/><line number="34" hits="7493989779944505344"/><line number="35" hits="7493989779944505344"/><line number="36" hits="7493989779944505344"/><line number="37" hits="7493989779944505344"/><line number="38" hits="7493989779944505344"/><line number="39" hits="15276209936040722432"/><line number="40" hits="7493989779944505344"/><line number="41" hits="14411518807585587200"/></lines></class></classes></package><package name="src\routes" line-rate="0.5462962962962963" branch-rate="0" complexity="0"><classes><class name="delete_user" filename="src\routes\delete_user.rs" line-rate="0.42857142857142855" branch-rate="0" complexity="0"><methods/><lines><line number="11" hits="1441151880758558720"/><line number="13" hits="720575940379279360"/><line number="14" hits="720575940379279360"/><line number="15" hits="1441151880758558720"/><line number="19" hits="0"/><line number="20" hits="0"/><line number="21" hits="0"/><line number="26" hits="720575940379279360"/><line number="27" hits="720575940379279360"/><line number="32" hits="0"/><line number="33" hits="0"/><line number="34" hits="0"/><line number="41" hits="0"/><line number="42" hits="0"/></lines></class><class name="home" filename="src\routes\home.rs" line-rate="0.15151515151515152" branch-rate="0" complexity="0"><methods/><lines><line number="17" hits="432345564227567616"/><line number="18" hits="720575940379279360"/><line number="20" hits="144115188075855872"/><line number="22" hits="144115188075855872"/><line number="25" hits="144115188075855872"/><line number="30" hits="0"/><line number="31" hits="0"/><line number="35" hits="0"/><line number="40" hits="0"/><line number="42" hits="0"/><line number="44" hits="0"/><line number="45" hits="0"/><line number="46" hits="0"/><line number="50" hits="0"/><line number="51" hits="0"/><line number="52" hits="0"/><line number="53" hits="0"/><line number="54" hits="0"/><line number="57" hits="0"/><line number="58" hits="0"/><line number="59" hits="0"/><line number="60" hits="0"/><line number="62" hits="0"/><line number="63" hits="0"/><line number="66" hits="0"/><line number="70" hits="0"/><line number="96" hits="0"/><line number="97" hits="0"/><line number="101" hits="0"/><line number="102" hits="0"/><line number="106" hits="0"/><line number="107" hits="0"/><line number="108" hits="0"/></lines></class><class name="login" filename="src\routes\login.rs" line-rate="0.8695652173913043" branch-rate="0" complexity="0"><methods/><lines><line number="15" hits="144115188075855872"/><line number="16" hits="144115188075855872"/><line number="20" hits="576460752303423488"/><line number="25" hits="576460752303423488"/><line number="26" hits="576460752303423488"/><line number="28" hits="1152921504606846976"/><line number="29" hits="576460752303423488"/><line number="30" hits="576460752303423488"/><line number="31" hits="576460752303423488"/><line number="32" hits="1152921504606846976"/><line number="34" hits="576460752303423488"/><line number="35" hits="432345564227567616"/><line number="37" hits="144115188075855872"/><line number="38" hits="144115188075855872"/><line number="40" hits="288230376151711744"/><line number="41" hits="288230376151711744"/><line number="42" hits="288230376151711744"/><line number="44" hits="0"/><line number="45" hits="0"/><line number="46" hits="0"/><line number="49" hits="144115188075855872"/><line number="50" hits="144115188075855872"/><line number="51" hits="144115188075855872"/></lines></class><class name="register" filename="src\routes\register.rs" line-rate="0.7368421052631579" branch-rate="0" complexity="0"><methods/><lines><line number="16" hits="144115188075855872"/><line number="17" hits="144115188075855872"/><line number="21" hits="144115188075855872"/><line number="22" hits="144115188075855872"/><line number="26" hits="1008806316530991104"/><line number="30" hits="1008806316530991104"/><line number="31" hits="0"/><line number="32" hits="0"/><line number="33" hits="0"/><line number="37" hits="1008806316530991104"/><line number="38" hits="144115188075855872"/><line number="39" hits="144115188075855872"/><line number="40" hits="144115188075855872"/><line number="44" hits="864691128455135232"/><line number="46" hits="0"/><line number="47" hits="0"/><line number="48" hits="0"/><line number="49" hits="0"/><line number="61" hits="864691128455135232"/><line number="64" hits="1729382256910270464"/><line number="66" hits="144115188075855872"/><line number="67" hits="720575940379279360"/><line number="68" hits="720575940379279360"/><line number="71" hits="144115188075855872"/><line number="72" hits="144115188075855872"/><line number="73" hits="144115188075855872"/><line number="76" hits="0"/><line number="77" hits="0"/><line number="78" hits="0"/><line number="88" hits="2017612633061982208"/><line number="90" hits="2017612633061982208"/><line number="93" hits="3602879701896396800"/><line number="103" hits="1729382256910270464"/><line number="105" hits="6773413839565225984"/><line number="106" hits="8214565720323784704"/><line number="107" hits="16573246628723425280"/><line number="108" hits="17726168133330272256"/><line number="111" hits="7205759403792793600"/></lines></class></classes></package><package name="src\database" line-rate="0" branch-rate="0" complexity="0"><classes><class name="models" filename="src\database\models.rs" line-rate="0" branch-rate="0" complexity="0"><methods/><lines><line number="51" hits="0"/><line number="52" hits="0"/><line number="53" hits="0"/><line number="54" hits="0"/><line number="55" hits="0"/><line number="56" hits="0"/></lines></class></classes></package><package name="tests\routes" line-rate="0" branch-rate="0" complexity="0"><classes></classes></package></packages></coverage>